<?xml version="1.0" encoding="UTF-8"?>
<!-- Generated by org.testng.reporters.JUnitXMLReporter -->
<testsuite ignored="1" hostname="Balaji" failures="0" tests="4" name="Default test" time="110.135" errors="0" timestamp="2022-03-24T10:19:17 IST">
  <testcase classname="com.paynet.test.LoginTest" name="validCredentialTest" time="9.137"/>
  <testcase classname="com.paynet.test.LoginTest" name="validCredentialTest" time="6.073"/>
  <testcase classname="com.paynet.test.LoginTest" name="validCredentialTest" time="5.775"/>
  <testcase classname="com.paynet.test.LoginTest" name="validCredentialTest" time="7.813"/>
  <testcase classname="com.paynet.test.LoginTest" name="invalidCredentialTest" time="0.0">
    <ignored/>
  </testcase> <!-- invalidCredentialTest -->
</testsuite> <!-- Default test -->
