<?xml version="1.0" encoding="UTF-8"?>
<testng-results ignored="1" total="5" passed="4" failed="0" skipped="0">
  <reporter-output>
  </reporter-output>
  <suite started-at="2022-03-24T10:17:26 IST" name="Default suite" finished-at="2022-03-24T10:19:17 IST" duration-ms="110135">
    <groups>
    </groups>
    <test started-at="2022-03-24T10:17:26 IST" name="Default test" finished-at="2022-03-24T10:19:17 IST" duration-ms="110135">
      <class name="com.paynet.test.LoginTest">
        <test-method is-config="true" signature="setup()[pri:0, instance:com.paynet.test.LoginTest@4310d43]" started-at="2022-03-24T10:18:04 IST" name="setup" finished-at="2022-03-24T10:18:14 IST" duration-ms="9804" status="PASS">
          <reporter-output>
          </reporter-output>
        </test-method> <!-- setup -->
        <test-method signature="validCredentialTest(java.lang.String,java.lang.String,java.lang.String)[pri:0, instance:com.paynet.test.LoginTest@4310d43]" started-at="2022-03-24T10:18:14 IST" name="validCredentialTest" data-provider="validCredentialData" finished-at="2022-03-24T10:18:23 IST" duration-ms="9137" status="PASS">
          <params>
            <param index="0">
              <value>
                <![CDATA[Admin]]>
              </value>
            </param>
            <param index="1">
              <value>
                <![CDATA[admin123]]>
              </value>
            </param>
            <param index="2">
              <value>
                <![CDATA[https://opensource-demo.orangehrmlive.com/index.php/dashboard]]>
              </value>
            </param>
          </params>
          <reporter-output>
          </reporter-output>
        </test-method> <!-- validCredentialTest -->
        <test-method is-config="true" signature="teardown()[pri:0, instance:com.paynet.test.LoginTest@4310d43]" started-at="2022-03-24T10:18:23 IST" name="teardown" finished-at="2022-03-24T10:18:26 IST" duration-ms="3200" status="PASS">
          <reporter-output>
          </reporter-output>
        </test-method> <!-- teardown -->
        <test-method is-config="true" signature="setup()[pri:0, instance:com.paynet.test.LoginTest@4310d43]" started-at="2022-03-24T10:18:26 IST" name="setup" finished-at="2022-03-24T10:18:34 IST" duration-ms="7404" status="PASS">
          <reporter-output>
          </reporter-output>
        </test-method> <!-- setup -->
        <test-method signature="validCredentialTest(java.lang.String,java.lang.String,java.lang.String)[pri:0, instance:com.paynet.test.LoginTest@4310d43]" started-at="2022-03-24T10:18:34 IST" name="validCredentialTest" data-provider="validCredentialData" finished-at="2022-03-24T10:18:40 IST" duration-ms="6073" status="PASS">
          <params>
            <param index="0">
              <value>
                <![CDATA[Admin]]>
              </value>
            </param>
            <param index="1">
              <value>
                <![CDATA[admin123]]>
              </value>
            </param>
            <param index="2">
              <value>
                <![CDATA[https://opensource-demo.orangehrmlive.com/index.php/dashboard]]>
              </value>
            </param>
          </params>
          <reporter-output>
          </reporter-output>
        </test-method> <!-- validCredentialTest -->
        <test-method is-config="true" signature="teardown()[pri:0, instance:com.paynet.test.LoginTest@4310d43]" started-at="2022-03-24T10:18:40 IST" name="teardown" finished-at="2022-03-24T10:18:42 IST" duration-ms="1972" status="PASS">
          <reporter-output>
          </reporter-output>
        </test-method> <!-- teardown -->
        <test-method is-config="true" signature="setup()[pri:0, instance:com.paynet.test.LoginTest@4310d43]" started-at="2022-03-24T10:18:42 IST" name="setup" finished-at="2022-03-24T10:18:49 IST" duration-ms="7010" status="PASS">
          <reporter-output>
          </reporter-output>
        </test-method> <!-- setup -->
        <test-method signature="validCredentialTest(java.lang.String,java.lang.String,java.lang.String)[pri:0, instance:com.paynet.test.LoginTest@4310d43]" started-at="2022-03-24T10:18:49 IST" name="validCredentialTest" data-provider="validCredentialData" finished-at="2022-03-24T10:18:54 IST" duration-ms="5775" status="PASS">
          <params>
            <param index="0">
              <value>
                <![CDATA[Admin]]>
              </value>
            </param>
            <param index="1">
              <value>
                <![CDATA[admin123]]>
              </value>
            </param>
            <param index="2">
              <value>
                <![CDATA[https://opensource-demo.orangehrmlive.com/index.php/dashboard]]>
              </value>
            </param>
          </params>
          <reporter-output>
          </reporter-output>
        </test-method> <!-- validCredentialTest -->
        <test-method is-config="true" signature="teardown()[pri:0, instance:com.paynet.test.LoginTest@4310d43]" started-at="2022-03-24T10:18:54 IST" name="teardown" finished-at="2022-03-24T10:18:57 IST" duration-ms="2054" status="PASS">
          <reporter-output>
          </reporter-output>
        </test-method> <!-- teardown -->
        <test-method is-config="true" signature="setup()[pri:0, instance:com.paynet.test.LoginTest@4310d43]" started-at="2022-03-24T10:18:57 IST" name="setup" finished-at="2022-03-24T10:19:05 IST" duration-ms="8417" status="PASS">
          <reporter-output>
          </reporter-output>
        </test-method> <!-- setup -->
        <test-method signature="validCredentialTest(java.lang.String,java.lang.String,java.lang.String)[pri:0, instance:com.paynet.test.LoginTest@4310d43]" started-at="2022-03-24T10:19:05 IST" name="validCredentialTest" data-provider="validCredentialData" finished-at="2022-03-24T10:19:13 IST" duration-ms="7813" status="PASS">
          <params>
            <param index="0">
              <value>
                <![CDATA[Admin]]>
              </value>
            </param>
            <param index="1">
              <value>
                <![CDATA[admin123]]>
              </value>
            </param>
            <param index="2">
              <value>
                <![CDATA[https://opensource-demo.orangehrmlive.com/index.php/dashboard]]>
              </value>
            </param>
          </params>
          <reporter-output>
          </reporter-output>
        </test-method> <!-- validCredentialTest -->
        <test-method is-config="true" signature="teardown()[pri:0, instance:com.paynet.test.LoginTest@4310d43]" started-at="2022-03-24T10:19:13 IST" name="teardown" finished-at="2022-03-24T10:19:16 IST" duration-ms="3728" status="PASS">
          <reporter-output>
          </reporter-output>
        </test-method> <!-- teardown -->
      </class> <!-- com.paynet.test.LoginTest -->
    </test> <!-- Default test -->
  </suite> <!-- Default suite -->
</testng-results>
