<?xml version="1.0" encoding="UTF-8"?>
<testng-results ignored="0" total="2" passed="2" failed="0" skipped="0">
  <reporter-output>
  </reporter-output>
  <suite started-at="2022-03-24T14:03:58 IST" name="Suite" finished-at="2022-03-24T14:03:58 IST" duration-ms="70">
    <groups>
    </groups>
    <test started-at="2022-03-24T14:03:58 IST" name="Login Test" finished-at="2022-03-24T14:03:58 IST" duration-ms="70">
      <class name="com.paynet.test.DemoTest">
        <test-method signature="validTest(java.lang.String,java.lang.String,java.lang.String)[pri:0, instance:com.paynet.test.DemoTest@6253c26]" started-at="2022-03-24T14:03:58 IST" name="validTest" data-provider="validData" finished-at="2022-03-24T14:03:58 IST" duration-ms="9" status="PASS">
          <params>
            <param index="0">
              <value>
                <![CDATA[John]]>
              </value>
            </param>
            <param index="1">
              <value>
                <![CDATA[john123]]>
              </value>
            </param>
            <param index="2">
              <value>
                <![CDATA[Invalid credentials]]>
              </value>
            </param>
          </params>
          <reporter-output>
          </reporter-output>
        </test-method> <!-- validTest -->
        <test-method signature="validTest(java.lang.String,java.lang.String,java.lang.String)[pri:0, instance:com.paynet.test.DemoTest@6253c26]" started-at="2022-03-24T14:03:58 IST" name="validTest" data-provider="validData" finished-at="2022-03-24T14:03:58 IST" duration-ms="2" status="PASS">
          <params>
            <param index="0">
              <value>
                <![CDATA[Peter]]>
              </value>
            </param>
            <param index="1">
              <value>
                <![CDATA[peter123]]>
              </value>
            </param>
            <param index="2">
              <value>
                <![CDATA[Invalid credentials]]>
              </value>
            </param>
          </params>
          <reporter-output>
          </reporter-output>
        </test-method> <!-- validTest -->
      </class> <!-- com.paynet.test.DemoTest -->
    </test> <!-- Login Test -->
  </suite> <!-- Suite -->
</testng-results>
